Using pre-set license
Built from '2021.3/staging' branch; Version is '2021.3.5f1 (40eb3a945986) revision 4254522'; Using compiler version '192829333'; Build Type 'Release'
OS: 'Windows 11  (10.0.22000) 64bit Professional' Language: 'en' Physical Memory: 16324 MB
BatchMode: 1, IsHumanControllingUs: 0, StartBugReporterOnCrash: 0, Is64bit: 1, IsPro: 1

COMMAND LINE ARGUMENTS:
C:\Program Files\Unity\Hub\Editor\2021.3.5f1\Editor\Unity.exe
-adb2
-batchMode
-noUpm
-name
AssetImportWorker0
-projectPath
C:/Users/drago/OneDrive/Documente/GitHub/StickTogether
-logFile
Logs/AssetImportWorker0.log
-srvPort
62580
Successfully changed project path to: C:/Users/drago/OneDrive/Documente/GitHub/StickTogether
C:/Users/drago/OneDrive/Documente/GitHub/StickTogether
[UnityMemory] Configuration Parameters - Can be set up in boot.config
    "memorysetup-bucket-allocator-granularity=16"
    "memorysetup-bucket-allocator-bucket-count=8"
    "memorysetup-bucket-allocator-block-size=33554432"
    "memorysetup-bucket-allocator-block-count=8"
    "memorysetup-main-allocator-block-size=16777216"
    "memorysetup-thread-allocator-block-size=16777216"
    "memorysetup-gfx-main-allocator-block-size=16777216"
    "memorysetup-gfx-thread-allocator-block-size=16777216"
    "memorysetup-cache-allocator-block-size=4194304"
    "memorysetup-typetree-allocator-block-size=2097152"
    "memorysetup-profiler-bucket-allocator-granularity=16"
    "memorysetup-profiler-bucket-allocator-bucket-count=8"
    "memorysetup-profiler-bucket-allocator-block-size=33554432"
    "memorysetup-profiler-bucket-allocator-block-count=8"
    "memorysetup-profiler-allocator-block-size=16777216"
    "memorysetup-profiler-editor-allocator-block-size=1048576"
    "memorysetup-temp-allocator-size-main=16777216"
    "memorysetup-job-temp-allocator-block-size=2097152"
    "memorysetup-job-temp-allocator-block-size-background=1048576"
    "memorysetup-job-temp-allocator-reduction-small-platforms=262144"
    "memorysetup-temp-allocator-size-background-worker=32768"
    "memorysetup-temp-allocator-size-job-worker=262144"
    "memorysetup-temp-allocator-size-preload-manager=33554432"
    "memorysetup-temp-allocator-size-nav-mesh-worker=65536"
    "memorysetup-temp-allocator-size-audio-worker=65536"
    "memorysetup-temp-allocator-size-cloud-worker=32768"
    "memorysetup-temp-allocator-size-gi-baking-worker=262144"
    "memorysetup-temp-allocator-size-gfx=262144"
Refreshing native plugins compatible for Editor in 216.18 ms, found 4 plugins.
Preloading 0 native plugins for Editor in 0.00 ms.
Initialize engine version: 2021.3.5f1 (40eb3a945986)
[Subsystems] Discovering subsystems at path C:/Program Files/Unity/Hub/Editor/2021.3.5f1/Editor/Data/Resources/UnitySubsystems
[Subsystems] Discovering subsystems at path C:/Users/drago/OneDrive/Documente/GitHub/StickTogether/Assets
GfxDevice: creating device client; threaded=0; jobified=0
Direct3D:
    Version:  Direct3D 11.0 [level 11.1]
    Renderer: NVIDIA GeForce GTX 1070 (ID=0x1b81)
    Vendor:   NVIDIA
    VRAM:     8088 MB
    Driver:   31.0.15.2225
Initialize mono
Mono path[0] = 'C:/Program Files/Unity/Hub/Editor/2021.3.5f1/Editor/Data/Managed'
Mono path[1] = 'C:/Program Files/Unity/Hub/Editor/2021.3.5f1/Editor/Data/MonoBleedingEdge/lib/mono/unityjit-win32'
Mono config path = 'C:/Program Files/Unity/Hub/Editor/2021.3.5f1/Editor/Data/MonoBleedingEdge/etc'
Using monoOptions --debugger-agent=transport=dt_socket,embedding=1,server=y,suspend=n,address=127.0.0.1:56092
Begin MonoManager ReloadAssembly
Registering precompiled unity dll's ...
Register platform support module: C:/Program Files/Unity/Hub/Editor/2021.3.5f1/Editor/Data/PlaybackEngines/WebGLSupport/UnityEditor.WebGL.Extensions.dll
Register platform support module: C:/Program Files/Unity/Hub/Editor/2021.3.5f1/Editor/Data/PlaybackEngines/WindowsStandaloneSupport/UnityEditor.WindowsStandalone.Extensions.dll
Registered in 0.013680 seconds.
Native extension for WindowsStandalone target not found
Native extension for WebGL target not found
Refreshing native plugins compatible for Editor in 207.77 ms, found 4 plugins.
Preloading 0 native plugins for Editor in 0.00 ms.
Mono: successfully reloaded assembly
- Completed reload, in  1.061 seconds
Domain Reload Profiling:
	ReloadAssembly (1062ms)
		BeginReloadAssembly (107ms)
			ExecutionOrderSort (0ms)
			DisableScriptedObjects (0ms)
			BackupInstance (0ms)
			ReleaseScriptingObjects (0ms)
			CreateAndSetChildDomain (1ms)
		EndReloadAssembly (790ms)
			LoadAssemblies (103ms)
			RebuildTransferFunctionScriptingTraits (0ms)
			SetupTypeCache (169ms)
			ReleaseScriptCaches (0ms)
			RebuildScriptCaches (39ms)
			SetupLoadedEditorAssemblies (496ms)
				LogAssemblyErrors (0ms)
				InitializePlatformSupportModulesInManaged (15ms)
				SetLoadedEditorAssemblies (0ms)
				RefreshPlugins (208ms)
				BeforeProcessingInitializeOnLoad (2ms)
				ProcessInitializeOnLoadAttributes (190ms)
				ProcessInitializeOnLoadMethodAttributes (81ms)
				AfterProcessingInitializeOnLoad (0ms)
				EditorAssembliesLoaded (0ms)
			ExecutionOrderSort2 (0ms)
			AwakeInstancesAfterBackupRestoration (0ms)
Platform modules already initialized, skipping
Registering precompiled user dll's ...
Registered in 0.017031 seconds.
Begin MonoManager ReloadAssembly
Symbol file LoadedFromMemory doesn't match image C:\Users\drago\OneDrive\Documente\GitHub\StickTogether\Library\PackageCache\com.unity.visualscripting@1.7.8\Editor\VisualScripting.Core\Dependencies\YamlDotNet\Unity.VisualScripting.YamlDotNet.dll
Symbol file LoadedFromMemory doesn't match image C:\Users\drago\OneDrive\Documente\GitHub\StickTogether\Library\PackageCache\com.unity.visualscripting@1.7.8\Editor\VisualScripting.Core\Dependencies\DotNetZip\Unity.VisualScripting.IonicZip.dll
Native extension for WindowsStandalone target not found
Native extension for WebGL target not found
Refreshing native plugins compatible for Editor in 187.82 ms, found 4 plugins.
Preloading 0 native plugins for Editor in 0.00 ms.
Mono: successfully reloaded assembly
- Completed reload, in  1.962 seconds
Domain Reload Profiling:
	ReloadAssembly (1963ms)
		BeginReloadAssembly (158ms)
			ExecutionOrderSort (0ms)
			DisableScriptedObjects (9ms)
			BackupInstance (0ms)
			ReleaseScriptingObjects (0ms)
			CreateAndSetChildDomain (29ms)
		EndReloadAssembly (1635ms)
			LoadAssemblies (142ms)
			RebuildTransferFunctionScriptingTraits (0ms)
			SetupTypeCache (386ms)
			ReleaseScriptCaches (1ms)
			RebuildScriptCaches (93ms)
			SetupLoadedEditorAssemblies (952ms)
				LogAssemblyErrors (0ms)
				InitializePlatformSupportModulesInManaged (9ms)
				SetLoadedEditorAssemblies (0ms)
				RefreshPlugins (188ms)
				BeforeProcessingInitializeOnLoad (167ms)
				ProcessInitializeOnLoadAttributes (407ms)
				ProcessInitializeOnLoadMethodAttributes (164ms)
				AfterProcessingInitializeOnLoad (16ms)
				EditorAssembliesLoaded (0ms)
			ExecutionOrderSort2 (0ms)
			AwakeInstancesAfterBackupRestoration (15ms)
Platform modules already initialized, skipping
========================================================================
Worker process is ready to serve import requests
Launched and connected shader compiler UnityShaderCompiler.exe after 0.04 seconds
Refreshing native plugins compatible for Editor in 2.74 ms, found 4 plugins.
Preloading 0 native plugins for Editor in 0.00 ms.
Unloading 5612 Unused Serialized files (Serialized files now loaded: 0)
Unloading 43 unused Assets / (0.7 MB). Loaded Objects now: 6064.
Memory consumption went from 224.3 MB to 223.6 MB.
Total: 5.208800 ms (FindLiveObjects: 0.667700 ms CreateObjectMapping: 0.308900 ms MarkObjects: 3.862200 ms  DeleteObjects: 0.368500 ms)

AssetImportParameters requested are different than current active one (requested -> active):
  custom:video-decoder-ogg-theora: a1e56fd34408186e4bbccfd4996cb3dc -> 
  custom:container-muxer-webm: aa71ff27fc2769a1b78a27578f13a17b -> 
  custom:container-demuxer-webm: 4f35f7cbe854078d1ac9338744f61a02 -> 
  custom:video-encoder-webm-vp8: eb34c28f22e8b96e1ab97ce403110664 -> 
  custom:audio-encoder-webm-vorbis: bf7c407c2cedff20999df2af8eb42d56 -> 
  custom:framework-win-MediaFoundation: 216162199b28c13a410421893ffa2e32 -> 
  custom:container-demuxer-ogg: 62fdf1f143b41e24485cea50d1cbac27 -> 
  custom:video-decoder-webm-vp8: 9c59270c3fd7afecdb556c50c9e8de78 -> 
  custom:audio-decoder-ogg-vorbis: bf7c407c2cedff20999df2af8eb42d56 -> 
========================================================================
Received Import Request.
  Time since last request: 924165.712220 seconds.
  path: Assets/Prefab/UI/Settings.prefab
  artifactKey: Guid(bf7c233d1bd96f14fb87741b84f7d70c) Importer(815301076,1909f56bfc062723c751e8b465ee728b)
Start importing Assets/Prefab/UI/Settings.prefab using Guid(bf7c233d1bd96f14fb87741b84f7d70c) Importer(815301076,1909f56bfc062723c751e8b465ee728b)  -> (artifact id: '665ad69b5293df7756c9bf017a71beb9') in 0.138434 seconds 
========================================================================
Received Import Request.
  Time since last request: 1.936432 seconds.
  path: Assets/Prefab/UI/Settings.prefab
  artifactKey: Guid(bf7c233d1bd96f14fb87741b84f7d70c) Importer(815301076,1909f56bfc062723c751e8b465ee728b)
Start importing Assets/Prefab/UI/Settings.prefab using Guid(bf7c233d1bd96f14fb87741b84f7d70c) Importer(815301076,1909f56bfc062723c751e8b465ee728b)  -> (artifact id: '034e647512fbfccfa09afc78c3362c85') in 0.035301 seconds 
========================================================================
Received Import Request.
  Time since last request: 13.253406 seconds.
  path: Assets/Prefab/UI/Settings.prefab
  artifactKey: Guid(bf7c233d1bd96f14fb87741b84f7d70c) Importer(815301076,1909f56bfc062723c751e8b465ee728b)
Start importing Assets/Prefab/UI/Settings.prefab using Guid(bf7c233d1bd96f14fb87741b84f7d70c) Importer(815301076,1909f56bfc062723c751e8b465ee728b)  -> (artifact id: '7578f16e7b2fd9c18fa45203e22942cc') in 0.030492 seconds 
========================================================================
Received Import Request.
  Time since last request: 5.229231 seconds.
  path: Assets/Prefab/UI/Settings.prefab
  artifactKey: Guid(bf7c233d1bd96f14fb87741b84f7d70c) Importer(815301076,1909f56bfc062723c751e8b465ee728b)
Start importing Assets/Prefab/UI/Settings.prefab using Guid(bf7c233d1bd96f14fb87741b84f7d70c) Importer(815301076,1909f56bfc062723c751e8b465ee728b)  -> (artifact id: '4656594bf45cfce03fc28c3f93f61dff') in 0.040342 seconds 
========================================================================
Received Import Request.
  Time since last request: 3.520326 seconds.
  path: Assets/Prefab/UI/Settings.prefab
  artifactKey: Guid(bf7c233d1bd96f14fb87741b84f7d70c) Importer(815301076,1909f56bfc062723c751e8b465ee728b)
Start importing Assets/Prefab/UI/Settings.prefab using Guid(bf7c233d1bd96f14fb87741b84f7d70c) Importer(815301076,1909f56bfc062723c751e8b465ee728b)  -> (artifact id: '3639660bdea58d0038350d3f2b0f22f2') in 0.035156 seconds 
========================================================================
Received Import Request.
  Time since last request: 9.293431 seconds.
  path: Assets/Prefab/UI/Settings.prefab
  artifactKey: Guid(bf7c233d1bd96f14fb87741b84f7d70c) Importer(815301076,1909f56bfc062723c751e8b465ee728b)
Start importing Assets/Prefab/UI/Settings.prefab using Guid(bf7c233d1bd96f14fb87741b84f7d70c) Importer(815301076,1909f56bfc062723c751e8b465ee728b)  -> (artifact id: 'd1d37c345f655512ebcd89a08609d738') in 0.032879 seconds 
========================================================================
Received Import Request.
  Time since last request: 15.414238 seconds.
  path: Assets/Prefab/UI/Settings.prefab
  artifactKey: Guid(bf7c233d1bd96f14fb87741b84f7d70c) Importer(815301076,1909f56bfc062723c751e8b465ee728b)
Start importing Assets/Prefab/UI/Settings.prefab using Guid(bf7c233d1bd96f14fb87741b84f7d70c) Importer(815301076,1909f56bfc062723c751e8b465ee728b)  -> (artifact id: '421692b048cead4343a095ef4b7f18a8') in 0.034033 seconds 
========================================================================
Received Import Request.
  Time since last request: 13.044084 seconds.
  path: Assets/Prefab/UI/Settings.prefab
  artifactKey: Guid(bf7c233d1bd96f14fb87741b84f7d70c) Importer(815301076,1909f56bfc062723c751e8b465ee728b)
Start importing Assets/Prefab/UI/Settings.prefab using Guid(bf7c233d1bd96f14fb87741b84f7d70c) Importer(815301076,1909f56bfc062723c751e8b465ee728b)  -> (artifact id: 'c8031d3b700905856451b928417548ed') in 0.033878 seconds 
========================================================================
Received Import Request.
  Time since last request: 3.119456 seconds.
  path: Assets/Prefab/UI/Settings.prefab
  artifactKey: Guid(bf7c233d1bd96f14fb87741b84f7d70c) Importer(815301076,1909f56bfc062723c751e8b465ee728b)
Start importing Assets/Prefab/UI/Settings.prefab using Guid(bf7c233d1bd96f14fb87741b84f7d70c) Importer(815301076,1909f56bfc062723c751e8b465ee728b)  -> (artifact id: 'c2e7c99e71c3db319818729e21f9560c') in 0.038507 seconds 
========================================================================
Received Import Request.
  Time since last request: 6.904841 seconds.
  path: Assets/Prefab/UI/Settings.prefab
  artifactKey: Guid(bf7c233d1bd96f14fb87741b84f7d70c) Importer(815301076,1909f56bfc062723c751e8b465ee728b)
Start importing Assets/Prefab/UI/Settings.prefab using Guid(bf7c233d1bd96f14fb87741b84f7d70c) Importer(815301076,1909f56bfc062723c751e8b465ee728b)  -> (artifact id: 'c6a2edd0e3e3ac6fa4d85773afbb47ac') in 0.034565 seconds 
========================================================================
Received Import Request.
  Time since last request: 2.509606 seconds.
  path: Assets/Prefab/UI/Settings.prefab
  artifactKey: Guid(bf7c233d1bd96f14fb87741b84f7d70c) Importer(815301076,1909f56bfc062723c751e8b465ee728b)
Start importing Assets/Prefab/UI/Settings.prefab using Guid(bf7c233d1bd96f14fb87741b84f7d70c) Importer(815301076,1909f56bfc062723c751e8b465ee728b)  -> (artifact id: '971169918d5b133628d6a5ee6dd91e15') in 0.046677 seconds 
========================================================================
Received Import Request.
  Time since last request: 33.727874 seconds.
  path: Assets/Prefab/UI/Settings.prefab
  artifactKey: Guid(bf7c233d1bd96f14fb87741b84f7d70c) Importer(815301076,1909f56bfc062723c751e8b465ee728b)
Start importing Assets/Prefab/UI/Settings.prefab using Guid(bf7c233d1bd96f14fb87741b84f7d70c) Importer(815301076,1909f56bfc062723c751e8b465ee728b)  -> (artifact id: 'c943b308bc48c65a7b36927e42f1813e') in 0.039147 seconds 
========================================================================
Received Import Request.
  Time since last request: 398.343135 seconds.
  path: Assets/Prefab/UI/Settings.prefab
  artifactKey: Guid(bf7c233d1bd96f14fb87741b84f7d70c) Importer(815301076,1909f56bfc062723c751e8b465ee728b)
Start importing Assets/Prefab/UI/Settings.prefab using Guid(bf7c233d1bd96f14fb87741b84f7d70c) Importer(815301076,1909f56bfc062723c751e8b465ee728b)  -> (artifact id: '381f0d594d1da11b85fe6b84fa30a0a7') in 0.046239 seconds 
========================================================================
Received Import Request.
  Time since last request: 11.812421 seconds.
  path: Assets/Prefab/UI/Settings.prefab
  artifactKey: Guid(bf7c233d1bd96f14fb87741b84f7d70c) Importer(815301076,1909f56bfc062723c751e8b465ee728b)
Start importing Assets/Prefab/UI/Settings.prefab using Guid(bf7c233d1bd96f14fb87741b84f7d70c) Importer(815301076,1909f56bfc062723c751e8b465ee728b)  -> (artifact id: 'bcd4786ba670cf118ae4862638d7b953') in 0.036432 seconds 
========================================================================
Received Import Request.
  Time since last request: 16.201067 seconds.
  path: Assets/Prefab/UI/Settings.prefab
  artifactKey: Guid(bf7c233d1bd96f14fb87741b84f7d70c) Importer(815301076,1909f56bfc062723c751e8b465ee728b)
Start importing Assets/Prefab/UI/Settings.prefab using Guid(bf7c233d1bd96f14fb87741b84f7d70c) Importer(815301076,1909f56bfc062723c751e8b465ee728b)  -> (artifact id: '70a185efd114292cc8c8ef9fcf696ba2') in 0.034829 seconds 
========================================================================
Received Import Request.
  Time since last request: 63.416896 seconds.
  path: Assets/Prefab/UI/Settings.prefab
  artifactKey: Guid(bf7c233d1bd96f14fb87741b84f7d70c) Importer(815301076,1909f56bfc062723c751e8b465ee728b)
Start importing Assets/Prefab/UI/Settings.prefab using Guid(bf7c233d1bd96f14fb87741b84f7d70c) Importer(815301076,1909f56bfc062723c751e8b465ee728b)  -> (artifact id: 'c981ee4083ec7e3c73c24992dfc3cd2f') in 0.043251 seconds 
========================================================================
Received Import Request.
  Time since last request: 6.095546 seconds.
  path: Assets/Prefab/UI/Settings.prefab
  artifactKey: Guid(bf7c233d1bd96f14fb87741b84f7d70c) Importer(815301076,1909f56bfc062723c751e8b465ee728b)
Start importing Assets/Prefab/UI/Settings.prefab using Guid(bf7c233d1bd96f14fb87741b84f7d70c) Importer(815301076,1909f56bfc062723c751e8b465ee728b)  -> (artifact id: 'a34c240b984aeebab2ad07b4ceaa85e0') in 0.035037 seconds 
========================================================================
Received Import Request.
  Time since last request: 28.174258 seconds.
  path: Assets/Prefab/UI/Settings.prefab
  artifactKey: Guid(bf7c233d1bd96f14fb87741b84f7d70c) Importer(815301076,1909f56bfc062723c751e8b465ee728b)
Start importing Assets/Prefab/UI/Settings.prefab using Guid(bf7c233d1bd96f14fb87741b84f7d70c) Importer(815301076,1909f56bfc062723c751e8b465ee728b)  -> (artifact id: '80fc5dbaec23dcbaac42b7214385d108') in 0.040587 seconds 
========================================================================
Received Import Request.
  Time since last request: 26.379957 seconds.
  path: Assets/Prefab/UI/Settings.prefab
  artifactKey: Guid(bf7c233d1bd96f14fb87741b84f7d70c) Importer(815301076,1909f56bfc062723c751e8b465ee728b)
Start importing Assets/Prefab/UI/Settings.prefab using Guid(bf7c233d1bd96f14fb87741b84f7d70c) Importer(815301076,1909f56bfc062723c751e8b465ee728b)  -> (artifact id: '16676e8afbd81089ba891bb254dfcc42') in 0.034164 seconds 
========================================================================
Received Import Request.
  Time since last request: 22.767269 seconds.
  path: Assets/Prefab/UI/Settings.prefab
  artifactKey: Guid(bf7c233d1bd96f14fb87741b84f7d70c) Importer(815301076,1909f56bfc062723c751e8b465ee728b)
Start importing Assets/Prefab/UI/Settings.prefab using Guid(bf7c233d1bd96f14fb87741b84f7d70c) Importer(815301076,1909f56bfc062723c751e8b465ee728b)  -> (artifact id: 'f2cf7fac3f5b695d29f7fc3019004720') in 0.031481 seconds 
========================================================================
Received Import Request.
  Time since last request: 5.559100 seconds.
  path: Assets/Prefab/UI/Settings.prefab
  artifactKey: Guid(bf7c233d1bd96f14fb87741b84f7d70c) Importer(815301076,1909f56bfc062723c751e8b465ee728b)
Start importing Assets/Prefab/UI/Settings.prefab using Guid(bf7c233d1bd96f14fb87741b84f7d70c) Importer(815301076,1909f56bfc062723c751e8b465ee728b)  -> (artifact id: '97bd4c97c48b951eb65699feef9e3c1d') in 0.038403 seconds 
========================================================================
Received Import Request.
  Time since last request: 43.642923 seconds.
  path: Assets/Prefab/UI/Settings.prefab
  artifactKey: Guid(bf7c233d1bd96f14fb87741b84f7d70c) Importer(815301076,1909f56bfc062723c751e8b465ee728b)
Start importing Assets/Prefab/UI/Settings.prefab using Guid(bf7c233d1bd96f14fb87741b84f7d70c) Importer(815301076,1909f56bfc062723c751e8b465ee728b)  -> (artifact id: 'c0e477b067fa8433331d915c98399d71') in 0.033560 seconds 
========================================================================
Received Import Request.
  Time since last request: 3.972653 seconds.
  path: Assets/Prefab/UI/Settings.prefab
  artifactKey: Guid(bf7c233d1bd96f14fb87741b84f7d70c) Importer(815301076,1909f56bfc062723c751e8b465ee728b)
Start importing Assets/Prefab/UI/Settings.prefab using Guid(bf7c233d1bd96f14fb87741b84f7d70c) Importer(815301076,1909f56bfc062723c751e8b465ee728b)  -> (artifact id: 'de0ba6df27a32c2c6dd68baf235873e4') in 0.029259 seconds 
========================================================================
Received Import Request.
  Time since last request: 1.524506 seconds.
  path: Assets/Prefab/UI/Settings.prefab
  artifactKey: Guid(bf7c233d1bd96f14fb87741b84f7d70c) Importer(815301076,1909f56bfc062723c751e8b465ee728b)
Start importing Assets/Prefab/UI/Settings.prefab using Guid(bf7c233d1bd96f14fb87741b84f7d70c) Importer(815301076,1909f56bfc062723c751e8b465ee728b)  -> (artifact id: '0e6382673dd5c4f779301ceb81070e51') in 0.035207 seconds 
========================================================================
Received Import Request.
  Time since last request: 3.054547 seconds.
  path: Assets/Prefab/UI/Settings.prefab
  artifactKey: Guid(bf7c233d1bd96f14fb87741b84f7d70c) Importer(815301076,1909f56bfc062723c751e8b465ee728b)
Start importing Assets/Prefab/UI/Settings.prefab using Guid(bf7c233d1bd96f14fb87741b84f7d70c) Importer(815301076,1909f56bfc062723c751e8b465ee728b)  -> (artifact id: 'f8ae4718535225f796600b75e99043e4') in 0.032112 seconds 
========================================================================
Received Import Request.
  Time since last request: 2.575848 seconds.
  path: Assets/Prefab/UI/Settings.prefab
  artifactKey: Guid(bf7c233d1bd96f14fb87741b84f7d70c) Importer(815301076,1909f56bfc062723c751e8b465ee728b)
Start importing Assets/Prefab/UI/Settings.prefab using Guid(bf7c233d1bd96f14fb87741b84f7d70c) Importer(815301076,1909f56bfc062723c751e8b465ee728b)  -> (artifact id: '39fc7adf0971e35a304ba23e4267126d') in 0.037984 seconds 
========================================================================
Received Import Request.
  Time since last request: 9.178185 seconds.
  path: Assets/Prefab/UI/Settings.prefab
  artifactKey: Guid(bf7c233d1bd96f14fb87741b84f7d70c) Importer(815301076,1909f56bfc062723c751e8b465ee728b)
Start importing Assets/Prefab/UI/Settings.prefab using Guid(bf7c233d1bd96f14fb87741b84f7d70c) Importer(815301076,1909f56bfc062723c751e8b465ee728b)  -> (artifact id: '0ffa863da245c8c1d4d65e86b0b8941a') in 0.032359 seconds 
========================================================================
Received Import Request.
  Time since last request: 2.668715 seconds.
  path: Assets/Prefab/UI/Settings.prefab
  artifactKey: Guid(bf7c233d1bd96f14fb87741b84f7d70c) Importer(815301076,1909f56bfc062723c751e8b465ee728b)
Start importing Assets/Prefab/UI/Settings.prefab using Guid(bf7c233d1bd96f14fb87741b84f7d70c) Importer(815301076,1909f56bfc062723c751e8b465ee728b)  -> (artifact id: 'c3fb63010f62b9d38d1ce6e452ac99c9') in 0.033078 seconds 
========================================================================
Received Import Request.
  Time since last request: 1.870172 seconds.
  path: Assets/Prefab/UI/Settings.prefab
  artifactKey: Guid(bf7c233d1bd96f14fb87741b84f7d70c) Importer(815301076,1909f56bfc062723c751e8b465ee728b)
Start importing Assets/Prefab/UI/Settings.prefab using Guid(bf7c233d1bd96f14fb87741b84f7d70c) Importer(815301076,1909f56bfc062723c751e8b465ee728b)  -> (artifact id: '5805e29a88591acb88144223b73c8ad6') in 0.033518 seconds 
========================================================================
Received Import Request.
  Time since last request: 0.696983 seconds.
  path: Assets/Prefab/UI/Settings.prefab
  artifactKey: Guid(bf7c233d1bd96f14fb87741b84f7d70c) Importer(815301076,1909f56bfc062723c751e8b465ee728b)
Start importing Assets/Prefab/UI/Settings.prefab using Guid(bf7c233d1bd96f14fb87741b84f7d70c) Importer(815301076,1909f56bfc062723c751e8b465ee728b)  -> (artifact id: '380116d5ffd77e48c73487bed3eb4a83') in 0.030852 seconds 
========================================================================
Received Import Request.
  Time since last request: 2.701854 seconds.
  path: Assets/Prefab/UI/Settings.prefab
  artifactKey: Guid(bf7c233d1bd96f14fb87741b84f7d70c) Importer(815301076,1909f56bfc062723c751e8b465ee728b)
Start importing Assets/Prefab/UI/Settings.prefab using Guid(bf7c233d1bd96f14fb87741b84f7d70c) Importer(815301076,1909f56bfc062723c751e8b465ee728b)  -> (artifact id: 'd9324b4d1b8f5a9211cef843ea98176a') in 0.032877 seconds 
========================================================================
Received Import Request.
  Time since last request: 31.438958 seconds.
  path: Assets/Prefab/UI/Settings.prefab
  artifactKey: Guid(bf7c233d1bd96f14fb87741b84f7d70c) Importer(815301076,1909f56bfc062723c751e8b465ee728b)
Start importing Assets/Prefab/UI/Settings.prefab using Guid(bf7c233d1bd96f14fb87741b84f7d70c) Importer(815301076,1909f56bfc062723c751e8b465ee728b)  -> (artifact id: 'fd576262c51117ef0a1e39b448d26b99') in 0.031818 seconds 
========================================================================
Received Import Request.
  Time since last request: 394.593156 seconds.
  path: Assets/Prefab/UI/Settings.prefab
  artifactKey: Guid(bf7c233d1bd96f14fb87741b84f7d70c) Importer(815301076,1909f56bfc062723c751e8b465ee728b)
Start importing Assets/Prefab/UI/Settings.prefab using Guid(bf7c233d1bd96f14fb87741b84f7d70c) Importer(815301076,1909f56bfc062723c751e8b465ee728b)  -> (artifact id: '22894ca51ffd23c0b3f895ee63a9b36d') in 0.037398 seconds 
========================================================================
Received Import Request.
  Time since last request: 5.802218 seconds.
  path: Assets/Prefab/UI/Settings.prefab
  artifactKey: Guid(bf7c233d1bd96f14fb87741b84f7d70c) Importer(815301076,1909f56bfc062723c751e8b465ee728b)
Start importing Assets/Prefab/UI/Settings.prefab using Guid(bf7c233d1bd96f14fb87741b84f7d70c) Importer(815301076,1909f56bfc062723c751e8b465ee728b)  -> (artifact id: '0db12a69a54d7820a3a702f2fdb3233e') in 0.061191 seconds 
========================================================================
Received Import Request.
  Time since last request: 3.479628 seconds.
  path: Assets/Prefab/UI/Settings.prefab
  artifactKey: Guid(bf7c233d1bd96f14fb87741b84f7d70c) Importer(815301076,1909f56bfc062723c751e8b465ee728b)
Start importing Assets/Prefab/UI/Settings.prefab using Guid(bf7c233d1bd96f14fb87741b84f7d70c) Importer(815301076,1909f56bfc062723c751e8b465ee728b)  -> (artifact id: 'd84a9ba9aebdd73529e9312c61f95b58') in 0.059730 seconds 
========================================================================
Received Import Request.
  Time since last request: 4.813558 seconds.
  path: Assets/Prefab/UI/Settings.prefab
  artifactKey: Guid(bf7c233d1bd96f14fb87741b84f7d70c) Importer(815301076,1909f56bfc062723c751e8b465ee728b)
Start importing Assets/Prefab/UI/Settings.prefab using Guid(bf7c233d1bd96f14fb87741b84f7d70c) Importer(815301076,1909f56bfc062723c751e8b465ee728b)  -> (artifact id: '0f55f0948f932cc5b3b4708bc547b0b8') in 0.057257 seconds 
========================================================================
Received Import Request.
  Time since last request: 3.344888 seconds.
  path: Assets/Prefab/UI/Settings.prefab
  artifactKey: Guid(bf7c233d1bd96f14fb87741b84f7d70c) Importer(815301076,1909f56bfc062723c751e8b465ee728b)
Start importing Assets/Prefab/UI/Settings.prefab using Guid(bf7c233d1bd96f14fb87741b84f7d70c) Importer(815301076,1909f56bfc062723c751e8b465ee728b)  -> (artifact id: '2b7f7292e0f2768074507b4945a79035') in 0.055540 seconds 
========================================================================
Received Import Request.
  Time since last request: 3.155582 seconds.
  path: Assets/Prefab/UI/Settings.prefab
  artifactKey: Guid(bf7c233d1bd96f14fb87741b84f7d70c) Importer(815301076,1909f56bfc062723c751e8b465ee728b)
Start importing Assets/Prefab/UI/Settings.prefab using Guid(bf7c233d1bd96f14fb87741b84f7d70c) Importer(815301076,1909f56bfc062723c751e8b465ee728b)  -> (artifact id: 'e335de801058bf007e5b964d12d0b2d1') in 0.058156 seconds 
========================================================================
Received Import Request.
  Time since last request: 3.182750 seconds.
  path: Assets/TextMesh Pro/Examples & Extras/Resources/Fonts & Materials/Bangers SDF.asset
  artifactKey: Guid(125cb55b44b24c4393181402bc6200e6) Importer(815301076,1909f56bfc062723c751e8b465ee728b)
Start importing Assets/TextMesh Pro/Examples & Extras/Resources/Fonts & Materials/Bangers SDF.asset using Guid(125cb55b44b24c4393181402bc6200e6) Importer(815301076,1909f56bfc062723c751e8b465ee728b)  -> (artifact id: '4f4258d04af012f3e16d5b640c22efee') in 0.337330 seconds 
========================================================================
Received Import Request.
  Time since last request: 0.862722 seconds.
  path: Assets/Prefab/UI/Settings.prefab
  artifactKey: Guid(bf7c233d1bd96f14fb87741b84f7d70c) Importer(815301076,1909f56bfc062723c751e8b465ee728b)
Start importing Assets/Prefab/UI/Settings.prefab using Guid(bf7c233d1bd96f14fb87741b84f7d70c) Importer(815301076,1909f56bfc062723c751e8b465ee728b)  -> (artifact id: 'c0afeeeb384a8d5a89fe25a09183464e') in 0.031065 seconds 
========================================================================
Received Import Request.
  Time since last request: 7.471815 seconds.
  path: Assets/Prefab/UI/Settings.prefab
  artifactKey: Guid(bf7c233d1bd96f14fb87741b84f7d70c) Importer(815301076,1909f56bfc062723c751e8b465ee728b)
Start importing Assets/Prefab/UI/Settings.prefab using Guid(bf7c233d1bd96f14fb87741b84f7d70c) Importer(815301076,1909f56bfc062723c751e8b465ee728b)  -> (artifact id: 'c23b0a96fde9f508437dbfe53109ac58') in 0.031139 seconds 
========================================================================
Received Import Request.
  Time since last request: 15.782245 seconds.
  path: Assets/Prefab/UI/Settings.prefab
  artifactKey: Guid(bf7c233d1bd96f14fb87741b84f7d70c) Importer(815301076,1909f56bfc062723c751e8b465ee728b)
Start importing Assets/Prefab/UI/Settings.prefab using Guid(bf7c233d1bd96f14fb87741b84f7d70c) Importer(815301076,1909f56bfc062723c751e8b465ee728b)  -> (artifact id: 'ebafa3d8672a2d075f7f31c4c56752a3') in 0.030811 seconds 
========================================================================
Received Import Request.
  Time since last request: 1.552930 seconds.
  path: Assets/Prefab/UI/Settings.prefab
  artifactKey: Guid(bf7c233d1bd96f14fb87741b84f7d70c) Importer(815301076,1909f56bfc062723c751e8b465ee728b)
Start importing Assets/Prefab/UI/Settings.prefab using Guid(bf7c233d1bd96f14fb87741b84f7d70c) Importer(815301076,1909f56bfc062723c751e8b465ee728b)  -> (artifact id: '57a7117d7ad049f79b8a821956206c1f') in 0.030803 seconds 
========================================================================
Received Import Request.
  Time since last request: 12.087664 seconds.
  path: Assets/Prefab/UI/Settings.prefab
  artifactKey: Guid(bf7c233d1bd96f14fb87741b84f7d70c) Importer(815301076,1909f56bfc062723c751e8b465ee728b)
Start importing Assets/Prefab/UI/Settings.prefab using Guid(bf7c233d1bd96f14fb87741b84f7d70c) Importer(815301076,1909f56bfc062723c751e8b465ee728b)  -> (artifact id: 'eccc1b79999026ab284092fb0bb54255') in 0.035184 seconds 
========================================================================
Received Import Request.
  Time since last request: 6.526751 seconds.
  path: Assets/Prefab/UI/Settings.prefab
  artifactKey: Guid(bf7c233d1bd96f14fb87741b84f7d70c) Importer(815301076,1909f56bfc062723c751e8b465ee728b)
Start importing Assets/Prefab/UI/Settings.prefab using Guid(bf7c233d1bd96f14fb87741b84f7d70c) Importer(815301076,1909f56bfc062723c751e8b465ee728b)  -> (artifact id: 'ad0e6ecd57f9f0cd4ed4cde1fa370f6e') in 0.034155 seconds 
========================================================================
Received Import Request.
  Time since last request: 11.749359 seconds.
  path: Assets/Prefab/UI/Settings.prefab
  artifactKey: Guid(bf7c233d1bd96f14fb87741b84f7d70c) Importer(815301076,1909f56bfc062723c751e8b465ee728b)
Start importing Assets/Prefab/UI/Settings.prefab using Guid(bf7c233d1bd96f14fb87741b84f7d70c) Importer(815301076,1909f56bfc062723c751e8b465ee728b)  -> (artifact id: '8003fc254c397d7405c5f22113ee87ef') in 0.033892 seconds 
========================================================================
Received Import Request.
  Time since last request: 6.188488 seconds.
  path: Assets/Prefab/UI/Settings.prefab
  artifactKey: Guid(bf7c233d1bd96f14fb87741b84f7d70c) Importer(815301076,1909f56bfc062723c751e8b465ee728b)
Start importing Assets/Prefab/UI/Settings.prefab using Guid(bf7c233d1bd96f14fb87741b84f7d70c) Importer(815301076,1909f56bfc062723c751e8b465ee728b)  -> (artifact id: '05b518ad4d03c67d8c8af3a6f183e278') in 0.033077 seconds 
========================================================================
Received Import Request.
  Time since last request: 12.101905 seconds.
  path: Assets/Prefab/UI/Settings.prefab
  artifactKey: Guid(bf7c233d1bd96f14fb87741b84f7d70c) Importer(815301076,1909f56bfc062723c751e8b465ee728b)
Start importing Assets/Prefab/UI/Settings.prefab using Guid(bf7c233d1bd96f14fb87741b84f7d70c) Importer(815301076,1909f56bfc062723c751e8b465ee728b)  -> (artifact id: '0258bdc421cba323abbca7182d52eff2') in 0.031469 seconds 
========================================================================
Received Import Request.
  Time since last request: 10.021673 seconds.
  path: Assets/Prefab/UI/Settings.prefab
  artifactKey: Guid(bf7c233d1bd96f14fb87741b84f7d70c) Importer(815301076,1909f56bfc062723c751e8b465ee728b)
Start importing Assets/Prefab/UI/Settings.prefab using Guid(bf7c233d1bd96f14fb87741b84f7d70c) Importer(815301076,1909f56bfc062723c751e8b465ee728b)  -> (artifact id: 'fcd3156d09a5afb9fe35969d4a3346c0') in 0.033054 seconds 
========================================================================
Received Import Request.
  Time since last request: 6.710894 seconds.
  path: Assets/Prefab/UI/Settings.prefab
  artifactKey: Guid(bf7c233d1bd96f14fb87741b84f7d70c) Importer(815301076,1909f56bfc062723c751e8b465ee728b)
Start importing Assets/Prefab/UI/Settings.prefab using Guid(bf7c233d1bd96f14fb87741b84f7d70c) Importer(815301076,1909f56bfc062723c751e8b465ee728b)  -> (artifact id: '1f48c612004e4ef4b82403d218dbd1be') in 0.036775 seconds 
========================================================================
Received Import Request.
  Time since last request: 15.785467 seconds.
  path: Assets/Prefab/UI/Settings.prefab
  artifactKey: Guid(bf7c233d1bd96f14fb87741b84f7d70c) Importer(815301076,1909f56bfc062723c751e8b465ee728b)
Start importing Assets/Prefab/UI/Settings.prefab using Guid(bf7c233d1bd96f14fb87741b84f7d70c) Importer(815301076,1909f56bfc062723c751e8b465ee728b)  -> (artifact id: '6df50cfa1ba4e7cd8be076c855712ef5') in 0.032406 seconds 
========================================================================
Received Import Request.
  Time since last request: 6.832464 seconds.
  path: Assets/Prefab/UI/Settings.prefab
  artifactKey: Guid(bf7c233d1bd96f14fb87741b84f7d70c) Importer(815301076,1909f56bfc062723c751e8b465ee728b)
Start importing Assets/Prefab/UI/Settings.prefab using Guid(bf7c233d1bd96f14fb87741b84f7d70c) Importer(815301076,1909f56bfc062723c751e8b465ee728b)  -> (artifact id: '338c06eee3e7025f902f24737ea5306d') in 0.034421 seconds 
========================================================================
Received Import Request.
  Time since last request: 7.920453 seconds.
  path: Assets/Prefab/UI/Settings.prefab
  artifactKey: Guid(bf7c233d1bd96f14fb87741b84f7d70c) Importer(815301076,1909f56bfc062723c751e8b465ee728b)
Start importing Assets/Prefab/UI/Settings.prefab using Guid(bf7c233d1bd96f14fb87741b84f7d70c) Importer(815301076,1909f56bfc062723c751e8b465ee728b)  -> (artifact id: '9140856a15384d3e9fc1101eabb71e9e') in 0.033063 seconds 
========================================================================
Received Import Request.
  Time since last request: 9.164042 seconds.
  path: Assets/Prefab/UI/Settings.prefab
  artifactKey: Guid(bf7c233d1bd96f14fb87741b84f7d70c) Importer(815301076,1909f56bfc062723c751e8b465ee728b)
Start importing Assets/Prefab/UI/Settings.prefab using Guid(bf7c233d1bd96f14fb87741b84f7d70c) Importer(815301076,1909f56bfc062723c751e8b465ee728b)  -> (artifact id: '81ac3532a1506e66e12dbf0eaf7d65dd') in 0.033297 seconds 
========================================================================
Received Import Request.
  Time since last request: 9.998516 seconds.
  path: Assets/Prefab/UI/Settings.prefab
  artifactKey: Guid(bf7c233d1bd96f14fb87741b84f7d70c) Importer(815301076,1909f56bfc062723c751e8b465ee728b)
Start importing Assets/Prefab/UI/Settings.prefab using Guid(bf7c233d1bd96f14fb87741b84f7d70c) Importer(815301076,1909f56bfc062723c751e8b465ee728b)  -> (artifact id: '76eb197dd67c4b4b0d6ed52abc40575c') in 0.031768 seconds 
========================================================================
Received Import Request.
  Time since last request: 6.513303 seconds.
  path: Assets/Prefab/UI/Settings.prefab
  artifactKey: Guid(bf7c233d1bd96f14fb87741b84f7d70c) Importer(815301076,1909f56bfc062723c751e8b465ee728b)
Start importing Assets/Prefab/UI/Settings.prefab using Guid(bf7c233d1bd96f14fb87741b84f7d70c) Importer(815301076,1909f56bfc062723c751e8b465ee728b)  -> (artifact id: '5f5298b140e8e294e43feeeb86d89ee6') in 0.035241 seconds 
========================================================================
Received Import Request.
  Time since last request: 5.574020 seconds.
  path: Assets/Prefab/UI/Settings.prefab
  artifactKey: Guid(bf7c233d1bd96f14fb87741b84f7d70c) Importer(815301076,1909f56bfc062723c751e8b465ee728b)
Start importing Assets/Prefab/UI/Settings.prefab using Guid(bf7c233d1bd96f14fb87741b84f7d70c) Importer(815301076,1909f56bfc062723c751e8b465ee728b)  -> (artifact id: '5dab207e371ddd44130f17b67f03c713') in 0.035086 seconds 
========================================================================
Received Import Request.
  Time since last request: 1.113865 seconds.
  path: Assets/Prefab/UI/Settings.prefab
  artifactKey: Guid(bf7c233d1bd96f14fb87741b84f7d70c) Importer(815301076,1909f56bfc062723c751e8b465ee728b)
Start importing Assets/Prefab/UI/Settings.prefab using Guid(bf7c233d1bd96f14fb87741b84f7d70c) Importer(815301076,1909f56bfc062723c751e8b465ee728b)  -> (artifact id: '18e0e19508417cf3543ab1589039cff7') in 0.033063 seconds 
========================================================================
Received Import Request.
  Time since last request: 3.021612 seconds.
  path: Assets/Prefab/UI/Settings.prefab
  artifactKey: Guid(bf7c233d1bd96f14fb87741b84f7d70c) Importer(815301076,1909f56bfc062723c751e8b465ee728b)
Start importing Assets/Prefab/UI/Settings.prefab using Guid(bf7c233d1bd96f14fb87741b84f7d70c) Importer(815301076,1909f56bfc062723c751e8b465ee728b)  -> (artifact id: 'aba43da79a101c1cee20d11169b485ca') in 0.082456 seconds 
========================================================================
Received Import Request.
  Time since last request: 11.576341 seconds.
  path: Assets/Prefab/UI/Settings.prefab
  artifactKey: Guid(bf7c233d1bd96f14fb87741b84f7d70c) Importer(815301076,1909f56bfc062723c751e8b465ee728b)
Start importing Assets/Prefab/UI/Settings.prefab using Guid(bf7c233d1bd96f14fb87741b84f7d70c) Importer(815301076,1909f56bfc062723c751e8b465ee728b)  -> (artifact id: '43f8e6540c38cd69d1393b77b5c2b826') in 0.035879 seconds 
========================================================================
Received Import Request.
  Time since last request: 7.371825 seconds.
  path: Assets/Prefab/UI/Settings.prefab
  artifactKey: Guid(bf7c233d1bd96f14fb87741b84f7d70c) Importer(815301076,1909f56bfc062723c751e8b465ee728b)
Start importing Assets/Prefab/UI/Settings.prefab using Guid(bf7c233d1bd96f14fb87741b84f7d70c) Importer(815301076,1909f56bfc062723c751e8b465ee728b)  -> (artifact id: '8042864d61886abdc8d2c7ea43e8ed22') in 0.032241 seconds 
========================================================================
Received Import Request.
  Time since last request: 5.249998 seconds.
  path: Assets/Prefab/UI/Settings.prefab
  artifactKey: Guid(bf7c233d1bd96f14fb87741b84f7d70c) Importer(815301076,1909f56bfc062723c751e8b465ee728b)
Start importing Assets/Prefab/UI/Settings.prefab using Guid(bf7c233d1bd96f14fb87741b84f7d70c) Importer(815301076,1909f56bfc062723c751e8b465ee728b)  -> (artifact id: 'e2d57fab960823af5d490ab3a4944ad3') in 0.033634 seconds 
========================================================================
Received Prepare
Registering precompiled user dll's ...
Registered in 0.014831 seconds.
Begin MonoManager ReloadAssembly
Symbol file LoadedFromMemory doesn't match image C:\Users\drago\OneDrive\Documente\GitHub\StickTogether\Library\PackageCache\com.unity.visualscripting@1.7.8\Editor\VisualScripting.Core\Dependencies\YamlDotNet\Unity.VisualScripting.YamlDotNet.dll
Symbol file LoadedFromMemory doesn't match image C:\Users\drago\OneDrive\Documente\GitHub\StickTogether\Library\PackageCache\com.unity.visualscripting@1.7.8\Editor\VisualScripting.Core\Dependencies\DotNetZip\Unity.VisualScripting.IonicZip.dll
Native extension for WindowsStandalone target not found
Native extension for WebGL target not found
Refreshing native plugins compatible for Editor in 3.07 ms, found 4 plugins.
Preloading 0 native plugins for Editor in 0.00 ms.
Mono: successfully reloaded assembly
- Completed reload, in  1.883 seconds
Domain Reload Profiling:
	ReloadAssembly (1884ms)
		BeginReloadAssembly (239ms)
			ExecutionOrderSort (0ms)
			DisableScriptedObjects (10ms)
			BackupInstance (0ms)
			ReleaseScriptingObjects (0ms)
			CreateAndSetChildDomain (79ms)
		EndReloadAssembly (1495ms)
			LoadAssemblies (147ms)
			RebuildTransferFunctionScriptingTraits (0ms)
			SetupTypeCache (425ms)
			ReleaseScriptCaches (3ms)
			RebuildScriptCaches (79ms)
			SetupLoadedEditorAssemblies (718ms)
				LogAssemblyErrors (0ms)
				InitializePlatformSupportModulesInManaged (18ms)
				SetLoadedEditorAssemblies (1ms)
				RefreshPlugins (3ms)
				BeforeProcessingInitializeOnLoad (158ms)
				ProcessInitializeOnLoadAttributes (391ms)
				ProcessInitializeOnLoadMethodAttributes (133ms)
				AfterProcessingInitializeOnLoad (13ms)
				EditorAssembliesLoaded (0ms)
			ExecutionOrderSort2 (0ms)
			AwakeInstancesAfterBackupRestoration (23ms)
Platform modules already initialized, skipping
Refreshing native plugins compatible for Editor in 13.50 ms, found 4 plugins.
Preloading 0 native plugins for Editor in 0.00 ms.
Unloading 5475 Unused Serialized files (Serialized files now loaded: 0)
Unloading 36 unused Assets / (0.7 MB). Loaded Objects now: 6152.
Memory consumption went from 222.8 MB to 222.1 MB.
Total: 30.015100 ms (FindLiveObjects: 1.293200 ms CreateObjectMapping: 1.155700 ms MarkObjects: 26.336500 ms  DeleteObjects: 1.228100 ms)

AssetImportParameters requested are different than current active one (requested -> active):
  custom:video-decoder-ogg-theora: a1e56fd34408186e4bbccfd4996cb3dc -> 
  custom:container-muxer-webm: aa71ff27fc2769a1b78a27578f13a17b -> 
  custom:container-demuxer-webm: 4f35f7cbe854078d1ac9338744f61a02 -> 
  custom:video-encoder-webm-vp8: eb34c28f22e8b96e1ab97ce403110664 -> 
  custom:audio-encoder-webm-vorbis: bf7c407c2cedff20999df2af8eb42d56 -> 
  custom:framework-win-MediaFoundation: 216162199b28c13a410421893ffa2e32 -> 
  custom:container-demuxer-ogg: 62fdf1f143b41e24485cea50d1cbac27 -> 
  custom:video-decoder-webm-vp8: 9c59270c3fd7afecdb556c50c9e8de78 -> 
  custom:audio-decoder-ogg-vorbis: bf7c407c2cedff20999df2af8eb42d56 -> 
========================================================================
Received Prepare
Registering precompiled user dll's ...
Registered in 0.016650 seconds.
Begin MonoManager ReloadAssembly
Symbol file LoadedFromMemory doesn't match image C:\Users\drago\OneDrive\Documente\GitHub\StickTogether\Library\PackageCache\com.unity.visualscripting@1.7.8\Editor\VisualScripting.Core\Dependencies\YamlDotNet\Unity.VisualScripting.YamlDotNet.dll
Symbol file LoadedFromMemory doesn't match image C:\Users\drago\OneDrive\Documente\GitHub\StickTogether\Library\PackageCache\com.unity.visualscripting@1.7.8\Editor\VisualScripting.Core\Dependencies\DotNetZip\Unity.VisualScripting.IonicZip.dll
Native extension for WindowsStandalone target not found
Native extension for WebGL target not found
Refreshing native plugins compatible for Editor in 2.79 ms, found 4 plugins.
Preloading 0 native plugins for Editor in 0.00 ms.
Mono: successfully reloaded assembly
- Completed reload, in  2.190 seconds
Domain Reload Profiling:
	ReloadAssembly (2191ms)
		BeginReloadAssembly (260ms)
			ExecutionOrderSort (0ms)
			DisableScriptedObjects (10ms)
			BackupInstance (0ms)
			ReleaseScriptingObjects (0ms)
			CreateAndSetChildDomain (69ms)
		EndReloadAssembly (1748ms)
			LoadAssemblies (203ms)
			RebuildTransferFunctionScriptingTraits (0ms)
			SetupTypeCache (504ms)
			ReleaseScriptCaches (3ms)
			RebuildScriptCaches (92ms)
			SetupLoadedEditorAssemblies (828ms)
				LogAssemblyErrors (0ms)
				InitializePlatformSupportModulesInManaged (22ms)
				SetLoadedEditorAssemblies (1ms)
				RefreshPlugins (3ms)
				BeforeProcessingInitializeOnLoad (160ms)
				ProcessInitializeOnLoadAttributes (466ms)
				ProcessInitializeOnLoadMethodAttributes (158ms)
				AfterProcessingInitializeOnLoad (18ms)
				EditorAssembliesLoaded (0ms)
			ExecutionOrderSort2 (0ms)
			AwakeInstancesAfterBackupRestoration (31ms)
Platform modules already initialized, skipping
Refreshing native plugins compatible for Editor in 6.46 ms, found 4 plugins.
Preloading 0 native plugins for Editor in 0.00 ms.
Unloading 5476 Unused Serialized files (Serialized files now loaded: 0)
Unloading 30 unused Assets / (0.7 MB). Loaded Objects now: 6155.
Memory consumption went from 222.8 MB to 222.1 MB.
Total: 7.828400 ms (FindLiveObjects: 0.823500 ms CreateObjectMapping: 0.804000 ms MarkObjects: 5.706700 ms  DeleteObjects: 0.492200 ms)

AssetImportParameters requested are different than current active one (requested -> active):
  custom:video-decoder-ogg-theora: a1e56fd34408186e4bbccfd4996cb3dc -> 
  custom:container-muxer-webm: aa71ff27fc2769a1b78a27578f13a17b -> 
  custom:container-demuxer-webm: 4f35f7cbe854078d1ac9338744f61a02 -> 
  custom:video-encoder-webm-vp8: eb34c28f22e8b96e1ab97ce403110664 -> 
  custom:audio-encoder-webm-vorbis: bf7c407c2cedff20999df2af8eb42d56 -> 
  custom:framework-win-MediaFoundation: 216162199b28c13a410421893ffa2e32 -> 
  custom:container-demuxer-ogg: 62fdf1f143b41e24485cea50d1cbac27 -> 
  custom:video-decoder-webm-vp8: 9c59270c3fd7afecdb556c50c9e8de78 -> 
  custom:audio-decoder-ogg-vorbis: bf7c407c2cedff20999df2af8eb42d56 -> 
========================================================================
Received Prepare
Registering precompiled user dll's ...
Registered in 0.016425 seconds.
Begin MonoManager ReloadAssembly
Symbol file LoadedFromMemory doesn't match image C:\Users\drago\OneDrive\Documente\GitHub\StickTogether\Library\PackageCache\com.unity.visualscripting@1.7.8\Editor\VisualScripting.Core\Dependencies\YamlDotNet\Unity.VisualScripting.YamlDotNet.dll
Symbol file LoadedFromMemory doesn't match image C:\Users\drago\OneDrive\Documente\GitHub\StickTogether\Library\PackageCache\com.unity.visualscripting@1.7.8\Editor\VisualScripting.Core\Dependencies\DotNetZip\Unity.VisualScripting.IonicZip.dll
Native extension for WindowsStandalone target not found
Native extension for WebGL target not found
Refreshing native plugins compatible for Editor in 2.54 ms, found 4 plugins.
Preloading 0 native plugins for Editor in 0.00 ms.
Mono: successfully reloaded assembly
- Completed reload, in  2.104 seconds
Domain Reload Profiling:
	ReloadAssembly (2105ms)
		BeginReloadAssembly (208ms)
			ExecutionOrderSort (0ms)
			DisableScriptedObjects (8ms)
			BackupInstance (0ms)
			ReleaseScriptingObjects (0ms)
			CreateAndSetChildDomain (66ms)
		EndReloadAssembly (1735ms)
			LoadAssemblies (157ms)
			RebuildTransferFunctionScriptingTraits (0ms)
			SetupTypeCache (487ms)
			ReleaseScriptCaches (4ms)
			RebuildScriptCaches (93ms)
			SetupLoadedEditorAssemblies (833ms)
				LogAssemblyErrors (0ms)
				InitializePlatformSupportModulesInManaged (21ms)
				SetLoadedEditorAssemblies (1ms)
				RefreshPlugins (3ms)
				BeforeProcessingInitializeOnLoad (166ms)
				ProcessInitializeOnLoadAttributes (462ms)
				ProcessInitializeOnLoadMethodAttributes (164ms)
				AfterProcessingInitializeOnLoad (16ms)
				EditorAssembliesLoaded (0ms)
			ExecutionOrderSort2 (0ms)
			AwakeInstancesAfterBackupRestoration (27ms)
Platform modules already initialized, skipping
Refreshing native plugins compatible for Editor in 5.83 ms, found 4 plugins.
Preloading 0 native plugins for Editor in 0.00 ms.
Unloading 5476 Unused Serialized files (Serialized files now loaded: 0)
Unloading 30 unused Assets / (0.7 MB). Loaded Objects now: 6158.
Memory consumption went from 222.8 MB to 222.1 MB.
Total: 5.592600 ms (FindLiveObjects: 0.518500 ms CreateObjectMapping: 0.259200 ms MarkObjects: 4.371800 ms  DeleteObjects: 0.441300 ms)

AssetImportParameters requested are different than current active one (requested -> active):
  custom:video-decoder-ogg-theora: a1e56fd34408186e4bbccfd4996cb3dc -> 
  custom:container-muxer-webm: aa71ff27fc2769a1b78a27578f13a17b -> 
  custom:container-demuxer-webm: 4f35f7cbe854078d1ac9338744f61a02 -> 
  custom:video-encoder-webm-vp8: eb34c28f22e8b96e1ab97ce403110664 -> 
  custom:audio-encoder-webm-vorbis: bf7c407c2cedff20999df2af8eb42d56 -> 
  custom:framework-win-MediaFoundation: 216162199b28c13a410421893ffa2e32 -> 
  custom:container-demuxer-ogg: 62fdf1f143b41e24485cea50d1cbac27 -> 
  custom:video-decoder-webm-vp8: 9c59270c3fd7afecdb556c50c9e8de78 -> 
  custom:audio-decoder-ogg-vorbis: bf7c407c2cedff20999df2af8eb42d56 -> 
========================================================================
Received Import Request.
  Time since last request: 537.218751 seconds.
  path: Assets/Scripts/UI/Settings.cs
  artifactKey: Guid(53bb35fc3cab3bc47998dba2fe341ce7) Importer(815301076,1909f56bfc062723c751e8b465ee728b)
Start importing Assets/Scripts/UI/Settings.cs using Guid(53bb35fc3cab3bc47998dba2fe341ce7) Importer(815301076,1909f56bfc062723c751e8b465ee728b)  -> (artifact id: '9e9845e34e0e33fce0c5ac7b0cab8cd9') in 0.020004 seconds 
========================================================================
Received Prepare
Registering precompiled user dll's ...
Registered in 0.015083 seconds.
Begin MonoManager ReloadAssembly
Symbol file LoadedFromMemory doesn't match image C:\Users\drago\OneDrive\Documente\GitHub\StickTogether\Library\PackageCache\com.unity.visualscripting@1.7.8\Editor\VisualScripting.Core\Dependencies\YamlDotNet\Unity.VisualScripting.YamlDotNet.dll
Symbol file LoadedFromMemory doesn't match image C:\Users\drago\OneDrive\Documente\GitHub\StickTogether\Library\PackageCache\com.unity.visualscripting@1.7.8\Editor\VisualScripting.Core\Dependencies\DotNetZip\Unity.VisualScripting.IonicZip.dll
Native extension for WindowsStandalone target not found
Native extension for WebGL target not found
Refreshing native plugins compatible for Editor in 2.09 ms, found 4 plugins.
Preloading 0 native plugins for Editor in 0.00 ms.
Mono: successfully reloaded assembly
- Completed reload, in  1.740 seconds
Domain Reload Profiling:
	ReloadAssembly (1741ms)
		BeginReloadAssembly (196ms)
			ExecutionOrderSort (0ms)
			DisableScriptedObjects (11ms)
			BackupInstance (0ms)
			ReleaseScriptingObjects (0ms)
			CreateAndSetChildDomain (62ms)
		EndReloadAssembly (1395ms)
			LoadAssemblies (140ms)
			RebuildTransferFunctionScriptingTraits (0ms)
			SetupTypeCache (407ms)
			ReleaseScriptCaches (2ms)
			RebuildScriptCaches (75ms)
			SetupLoadedEditorAssemblies (655ms)
				LogAssemblyErrors (0ms)
				InitializePlatformSupportModulesInManaged (18ms)
				SetLoadedEditorAssemblies (1ms)
				RefreshPlugins (2ms)
				BeforeProcessingInitializeOnLoad (128ms)
				ProcessInitializeOnLoadAttributes (375ms)
				ProcessInitializeOnLoadMethodAttributes (118ms)
				AfterProcessingInitializeOnLoad (12ms)
				EditorAssembliesLoaded (0ms)
			ExecutionOrderSort2 (0ms)
			AwakeInstancesAfterBackupRestoration (21ms)
Platform modules already initialized, skipping
Refreshing native plugins compatible for Editor in 5.06 ms, found 4 plugins.
Preloading 0 native plugins for Editor in 0.00 ms.
Unloading 5477 Unused Serialized files (Serialized files now loaded: 0)
Unloading 30 unused Assets / (0.7 MB). Loaded Objects now: 6162.
Memory consumption went from 222.9 MB to 222.2 MB.
Total: 5.035800 ms (FindLiveObjects: 0.563700 ms CreateObjectMapping: 0.232700 ms MarkObjects: 3.699100 ms  DeleteObjects: 0.538600 ms)

AssetImportParameters requested are different than current active one (requested -> active):
  custom:video-decoder-ogg-theora: a1e56fd34408186e4bbccfd4996cb3dc -> 
  custom:container-muxer-webm: aa71ff27fc2769a1b78a27578f13a17b -> 
  custom:container-demuxer-webm: 4f35f7cbe854078d1ac9338744f61a02 -> 
  custom:video-encoder-webm-vp8: eb34c28f22e8b96e1ab97ce403110664 -> 
  custom:audio-encoder-webm-vorbis: bf7c407c2cedff20999df2af8eb42d56 -> 
  custom:framework-win-MediaFoundation: 216162199b28c13a410421893ffa2e32 -> 
  custom:container-demuxer-ogg: 62fdf1f143b41e24485cea50d1cbac27 -> 
  custom:video-decoder-webm-vp8: 9c59270c3fd7afecdb556c50c9e8de78 -> 
  custom:audio-decoder-ogg-vorbis: bf7c407c2cedff20999df2af8eb42d56 -> 
========================================================================
Received Prepare
Registering precompiled user dll's ...
Registered in 0.014972 seconds.
Begin MonoManager ReloadAssembly
Symbol file LoadedFromMemory doesn't match image C:\Users\drago\OneDrive\Documente\GitHub\StickTogether\Library\PackageCache\com.unity.visualscripting@1.7.8\Editor\VisualScripting.Core\Dependencies\YamlDotNet\Unity.VisualScripting.YamlDotNet.dll
Symbol file LoadedFromMemory doesn't match image C:\Users\drago\OneDrive\Documente\GitHub\StickTogether\Library\PackageCache\com.unity.visualscripting@1.7.8\Editor\VisualScripting.Core\Dependencies\DotNetZip\Unity.VisualScripting.IonicZip.dll
Native extension for WindowsStandalone target not found
Native extension for WebGL target not found
Refreshing native plugins compatible for Editor in 2.82 ms, found 4 plugins.
Preloading 0 native plugins for Editor in 0.00 ms.
Mono: successfully reloaded assembly
- Completed reload, in  2.469 seconds
Domain Reload Profiling:
	ReloadAssembly (2470ms)
		BeginReloadAssembly (278ms)
			ExecutionOrderSort (0ms)
			DisableScriptedObjects (13ms)
			BackupInstance (0ms)
			ReleaseScriptingObjects (0ms)
			CreateAndSetChildDomain (94ms)
		EndReloadAssembly (2001ms)
			LoadAssemblies (175ms)
			RebuildTransferFunctionScriptingTraits (0ms)
			SetupTypeCache (597ms)
			ReleaseScriptCaches (8ms)
			RebuildScriptCaches (280ms)
			SetupLoadedEditorAssemblies (798ms)
				LogAssemblyErrors (0ms)
				InitializePlatformSupportModulesInManaged (22ms)
				SetLoadedEditorAssemblies (1ms)
				RefreshPlugins (3ms)
				BeforeProcessingInitializeOnLoad (160ms)
				ProcessInitializeOnLoadAttributes (425ms)
				ProcessInitializeOnLoadMethodAttributes (171ms)
				AfterProcessingInitializeOnLoad (17ms)
				EditorAssembliesLoaded (0ms)
			ExecutionOrderSort2 (0ms)
			AwakeInstancesAfterBackupRestoration (21ms)
Platform modules already initialized, skipping
Refreshing native plugins compatible for Editor in 6.00 ms, found 4 plugins.
Preloading 0 native plugins for Editor in 0.00 ms.
Unloading 5476 Unused Serialized files (Serialized files now loaded: 0)
Unloading 31 unused Assets / (0.7 MB). Loaded Objects now: 6164.
Memory consumption went from 222.8 MB to 222.2 MB.
Total: 5.592600 ms (FindLiveObjects: 0.754000 ms CreateObjectMapping: 0.269400 ms MarkObjects: 4.172000 ms  DeleteObjects: 0.395400 ms)

AssetImportParameters requested are different than current active one (requested -> active):
  custom:video-decoder-ogg-theora: a1e56fd34408186e4bbccfd4996cb3dc -> 
  custom:container-muxer-webm: aa71ff27fc2769a1b78a27578f13a17b -> 
  custom:container-demuxer-webm: 4f35f7cbe854078d1ac9338744f61a02 -> 
  custom:video-encoder-webm-vp8: eb34c28f22e8b96e1ab97ce403110664 -> 
  custom:audio-encoder-webm-vorbis: bf7c407c2cedff20999df2af8eb42d56 -> 
  custom:framework-win-MediaFoundation: 216162199b28c13a410421893ffa2e32 -> 
  custom:container-demuxer-ogg: 62fdf1f143b41e24485cea50d1cbac27 -> 
  custom:video-decoder-webm-vp8: 9c59270c3fd7afecdb556c50c9e8de78 -> 
  custom:audio-decoder-ogg-vorbis: bf7c407c2cedff20999df2af8eb42d56 -> 
========================================================================
Received Prepare
Registering precompiled user dll's ...
Registered in 0.021351 seconds.
Begin MonoManager ReloadAssembly
Symbol file LoadedFromMemory doesn't match image C:\Users\drago\OneDrive\Documente\GitHub\StickTogether\Library\PackageCache\com.unity.visualscripting@1.7.8\Editor\VisualScripting.Core\Dependencies\YamlDotNet\Unity.VisualScripting.YamlDotNet.dll
Symbol file LoadedFromMemory doesn't match image C:\Users\drago\OneDrive\Documente\GitHub\StickTogether\Library\PackageCache\com.unity.visualscripting@1.7.8\Editor\VisualScripting.Core\Dependencies\DotNetZip\Unity.VisualScripting.IonicZip.dll
Native extension for WindowsStandalone target not found
Native extension for WebGL target not found
Refreshing native plugins compatible for Editor in 5.55 ms, found 4 plugins.
Preloading 0 native plugins for Editor in 0.00 ms.
Mono: successfully reloaded assembly
- Completed reload, in  2.889 seconds
Domain Reload Profiling:
	ReloadAssembly (2890ms)
		BeginReloadAssembly (314ms)
			ExecutionOrderSort (0ms)
			DisableScriptedObjects (15ms)
			BackupInstance (0ms)
			ReleaseScriptingObjects (0ms)
			CreateAndSetChildDomain (104ms)
		EndReloadAssembly (1881ms)
			LoadAssemblies (223ms)
			RebuildTransferFunctionScriptingTraits (0ms)
			SetupTypeCache (598ms)
			ReleaseScriptCaches (6ms)
			RebuildScriptCaches (71ms)
			SetupLoadedEditorAssemblies (868ms)
				LogAssemblyErrors (0ms)
				InitializePlatformSupportModulesInManaged (26ms)
				SetLoadedEditorAssemblies (1ms)
				RefreshPlugins (6ms)
				BeforeProcessingInitializeOnLoad (177ms)
				ProcessInitializeOnLoadAttributes (470ms)
				ProcessInitializeOnLoadMethodAttributes (173ms)
				AfterProcessingInitializeOnLoad (15ms)
				EditorAssembliesLoaded (0ms)
			ExecutionOrderSort2 (0ms)
			AwakeInstancesAfterBackupRestoration (29ms)
Platform modules already initialized, skipping
Refreshing native plugins compatible for Editor in 7.40 ms, found 4 plugins.
Preloading 0 native plugins for Editor in 0.00 ms.
Unloading 5476 Unused Serialized files (Serialized files now loaded: 0)
Unloading 30 unused Assets / (0.7 MB). Loaded Objects now: 6167.
Memory consumption went from 222.8 MB to 222.2 MB.
Total: 4.765800 ms (FindLiveObjects: 0.490500 ms CreateObjectMapping: 0.214300 ms MarkObjects: 3.685500 ms  DeleteObjects: 0.374300 ms)

AssetImportParameters requested are different than current active one (requested -> active):
  custom:video-decoder-ogg-theora: a1e56fd34408186e4bbccfd4996cb3dc -> 
  custom:container-muxer-webm: aa71ff27fc2769a1b78a27578f13a17b -> 
  custom:container-demuxer-webm: 4f35f7cbe854078d1ac9338744f61a02 -> 
  custom:video-encoder-webm-vp8: eb34c28f22e8b96e1ab97ce403110664 -> 
  custom:audio-encoder-webm-vorbis: bf7c407c2cedff20999df2af8eb42d56 -> 
  custom:framework-win-MediaFoundation: 216162199b28c13a410421893ffa2e32 -> 
  custom:container-demuxer-ogg: 62fdf1f143b41e24485cea50d1cbac27 -> 
  custom:video-decoder-webm-vp8: 9c59270c3fd7afecdb556c50c9e8de78 -> 
  custom:audio-decoder-ogg-vorbis: bf7c407c2cedff20999df2af8eb42d56 -> 
========================================================================
Received Prepare
Registering precompiled user dll's ...
Registered in 0.022465 seconds.
Begin MonoManager ReloadAssembly
Symbol file LoadedFromMemory doesn't match image C:\Users\drago\OneDrive\Documente\GitHub\StickTogether\Library\PackageCache\com.unity.visualscripting@1.7.8\Editor\VisualScripting.Core\Dependencies\YamlDotNet\Unity.VisualScripting.YamlDotNet.dll
Symbol file LoadedFromMemory doesn't match image C:\Users\drago\OneDrive\Documente\GitHub\StickTogether\Library\PackageCache\com.unity.visualscripting@1.7.8\Editor\VisualScripting.Core\Dependencies\DotNetZip\Unity.VisualScripting.IonicZip.dll
Native extension for WindowsStandalone target not found
Native extension for WebGL target not found
Refreshing native plugins compatible for Editor in 2.53 ms, found 4 plugins.
Preloading 0 native plugins for Editor in 0.00 ms.
Mono: successfully reloaded assembly
- Completed reload, in  2.694 seconds
Domain Reload Profiling:
	ReloadAssembly (2695ms)
		BeginReloadAssembly (318ms)
			ExecutionOrderSort (0ms)
			DisableScriptedObjects (17ms)
			BackupInstance (0ms)
			ReleaseScriptingObjects (0ms)
			CreateAndSetChildDomain (89ms)
		EndReloadAssembly (2126ms)
			LoadAssemblies (245ms)
			RebuildTransferFunctionScriptingTraits (0ms)
			SetupTypeCache (607ms)
			ReleaseScriptCaches (4ms)
			RebuildScriptCaches (95ms)
			SetupLoadedEditorAssemblies (954ms)
				LogAssemblyErrors (0ms)
				InitializePlatformSupportModulesInManaged (29ms)
				SetLoadedEditorAssemblies (1ms)
				RefreshPlugins (3ms)
				BeforeProcessingInitializeOnLoad (196ms)
				ProcessInitializeOnLoadAttributes (527ms)
				ProcessInitializeOnLoadMethodAttributes (179ms)
				AfterProcessingInitializeOnLoad (18ms)
				EditorAssembliesLoaded (0ms)
			ExecutionOrderSort2 (0ms)
			AwakeInstancesAfterBackupRestoration (69ms)
Platform modules already initialized, skipping
Refreshing native plugins compatible for Editor in 8.25 ms, found 4 plugins.
Preloading 0 native plugins for Editor in 0.00 ms.
Unloading 5476 Unused Serialized files (Serialized files now loaded: 0)
Unloading 30 unused Assets / (0.7 MB). Loaded Objects now: 6170.
Memory consumption went from 222.9 MB to 222.2 MB.
Total: 7.522800 ms (FindLiveObjects: 0.713700 ms CreateObjectMapping: 0.733000 ms MarkObjects: 5.247100 ms  DeleteObjects: 0.827800 ms)

AssetImportParameters requested are different than current active one (requested -> active):
  custom:video-decoder-ogg-theora: a1e56fd34408186e4bbccfd4996cb3dc -> 
  custom:container-muxer-webm: aa71ff27fc2769a1b78a27578f13a17b -> 
  custom:container-demuxer-webm: 4f35f7cbe854078d1ac9338744f61a02 -> 
  custom:video-encoder-webm-vp8: eb34c28f22e8b96e1ab97ce403110664 -> 
  custom:audio-encoder-webm-vorbis: bf7c407c2cedff20999df2af8eb42d56 -> 
  custom:framework-win-MediaFoundation: 216162199b28c13a410421893ffa2e32 -> 
  custom:container-demuxer-ogg: 62fdf1f143b41e24485cea50d1cbac27 -> 
  custom:video-decoder-webm-vp8: 9c59270c3fd7afecdb556c50c9e8de78 -> 
  custom:audio-decoder-ogg-vorbis: bf7c407c2cedff20999df2af8eb42d56 -> 
========================================================================
Received Prepare
Registering precompiled user dll's ...
Registered in 0.017754 seconds.
Begin MonoManager ReloadAssembly
Symbol file LoadedFromMemory doesn't match image C:\Users\drago\OneDrive\Documente\GitHub\StickTogether\Library\PackageCache\com.unity.visualscripting@1.7.8\Editor\VisualScripting.Core\Dependencies\YamlDotNet\Unity.VisualScripting.YamlDotNet.dll
Symbol file LoadedFromMemory doesn't match image C:\Users\drago\OneDrive\Documente\GitHub\StickTogether\Library\PackageCache\com.unity.visualscripting@1.7.8\Editor\VisualScripting.Core\Dependencies\DotNetZip\Unity.VisualScripting.IonicZip.dll
Native extension for WindowsStandalone target not found
Native extension for WebGL target not found
Refreshing native plugins compatible for Editor in 13.74 ms, found 4 plugins.
Preloading 0 native plugins for Editor in 0.00 ms.
Mono: successfully reloaded assembly
- Completed reload, in  2.983 seconds
Domain Reload Profiling:
	ReloadAssembly (2984ms)
		BeginReloadAssembly (253ms)
			ExecutionOrderSort (0ms)
			DisableScriptedObjects (11ms)
			BackupInstance (0ms)
			ReleaseScriptingObjects (0ms)
			CreateAndSetChildDomain (73ms)
		EndReloadAssembly (2555ms)
			LoadAssemblies (183ms)
			RebuildTransferFunctionScriptingTraits (0ms)
			SetupTypeCache (977ms)
			ReleaseScriptCaches (4ms)
			RebuildScriptCaches (135ms)
			SetupLoadedEditorAssemblies (965ms)
				LogAssemblyErrors (0ms)
				InitializePlatformSupportModulesInManaged (50ms)
				SetLoadedEditorAssemblies (1ms)
				RefreshPlugins (14ms)
				BeforeProcessingInitializeOnLoad (224ms)
				ProcessInitializeOnLoadAttributes (481ms)
				ProcessInitializeOnLoadMethodAttributes (181ms)
				AfterProcessingInitializeOnLoad (14ms)
				EditorAssembliesLoaded (0ms)
			ExecutionOrderSort2 (0ms)
			AwakeInstancesAfterBackupRestoration (28ms)
Platform modules already initialized, skipping
Refreshing native plugins compatible for Editor in 8.15 ms, found 4 plugins.
Preloading 0 native plugins for Editor in 0.00 ms.
Unloading 5476 Unused Serialized files (Serialized files now loaded: 0)
Unloading 30 unused Assets / (0.7 MB). Loaded Objects now: 6173.
Memory consumption went from 222.9 MB to 222.2 MB.
Total: 7.559800 ms (FindLiveObjects: 0.527500 ms CreateObjectMapping: 0.254000 ms MarkObjects: 6.058800 ms  DeleteObjects: 0.717500 ms)

AssetImportParameters requested are different than current active one (requested -> active):
  custom:video-decoder-ogg-theora: a1e56fd34408186e4bbccfd4996cb3dc -> 
  custom:container-muxer-webm: aa71ff27fc2769a1b78a27578f13a17b -> 
  custom:container-demuxer-webm: 4f35f7cbe854078d1ac9338744f61a02 -> 
  custom:video-encoder-webm-vp8: eb34c28f22e8b96e1ab97ce403110664 -> 
  custom:audio-encoder-webm-vorbis: bf7c407c2cedff20999df2af8eb42d56 -> 
  custom:framework-win-MediaFoundation: 216162199b28c13a410421893ffa2e32 -> 
  custom:container-demuxer-ogg: 62fdf1f143b41e24485cea50d1cbac27 -> 
  custom:video-decoder-webm-vp8: 9c59270c3fd7afecdb556c50c9e8de78 -> 
  custom:audio-decoder-ogg-vorbis: bf7c407c2cedff20999df2af8eb42d56 -> 
========================================================================
Received Prepare
Registering precompiled user dll's ...
Registered in 0.019898 seconds.
Begin MonoManager ReloadAssembly
Symbol file LoadedFromMemory doesn't match image C:\Users\drago\OneDrive\Documente\GitHub\StickTogether\Library\PackageCache\com.unity.visualscripting@1.7.8\Editor\VisualScripting.Core\Dependencies\YamlDotNet\Unity.VisualScripting.YamlDotNet.dll
Symbol file LoadedFromMemory doesn't match image C:\Users\drago\OneDrive\Documente\GitHub\StickTogether\Library\PackageCache\com.unity.visualscripting@1.7.8\Editor\VisualScripting.Core\Dependencies\DotNetZip\Unity.VisualScripting.IonicZip.dll
Native extension for WindowsStandalone target not found
Native extension for WebGL target not found
Refreshing native plugins compatible for Editor in 5.29 ms, found 4 plugins.
Preloading 0 native plugins for Editor in 0.00 ms.
Mono: successfully reloaded assembly
- Completed reload, in  3.882 seconds
Domain Reload Profiling:
	ReloadAssembly (3884ms)
		BeginReloadAssembly (354ms)
			ExecutionOrderSort (0ms)
			DisableScriptedObjects (19ms)
			BackupInstance (0ms)
			ReleaseScriptingObjects (0ms)
			CreateAndSetChildDomain (108ms)
		EndReloadAssembly (3225ms)
			LoadAssemblies (273ms)
			RebuildTransferFunctionScriptingTraits (0ms)
			SetupTypeCache (862ms)
			ReleaseScriptCaches (6ms)
			RebuildScriptCaches (294ms)
			SetupLoadedEditorAssemblies (1523ms)
				LogAssemblyErrors (0ms)
				InitializePlatformSupportModulesInManaged (36ms)
				SetLoadedEditorAssemblies (2ms)
				RefreshPlugins (5ms)
				BeforeProcessingInitializeOnLoad (278ms)
				ProcessInitializeOnLoadAttributes (919ms)
				ProcessInitializeOnLoadMethodAttributes (262ms)
				AfterProcessingInitializeOnLoad (19ms)
				EditorAssembliesLoaded (1ms)
			ExecutionOrderSort2 (0ms)
			AwakeInstancesAfterBackupRestoration (36ms)
Platform modules already initialized, skipping
Refreshing native plugins compatible for Editor in 9.79 ms, found 4 plugins.
Preloading 0 native plugins for Editor in 0.00 ms.
Unloading 5476 Unused Serialized files (Serialized files now loaded: 0)
Unloading 30 unused Assets / (0.7 MB). Loaded Objects now: 6176.
Memory consumption went from 222.9 MB to 222.2 MB.
Total: 17.714200 ms (FindLiveObjects: 0.883400 ms CreateObjectMapping: 0.529900 ms MarkObjects: 15.456500 ms  DeleteObjects: 0.842500 ms)

AssetImportParameters requested are different than current active one (requested -> active):
  custom:video-decoder-ogg-theora: a1e56fd34408186e4bbccfd4996cb3dc -> 
  custom:container-muxer-webm: aa71ff27fc2769a1b78a27578f13a17b -> 
  custom:container-demuxer-webm: 4f35f7cbe854078d1ac9338744f61a02 -> 
  custom:video-encoder-webm-vp8: eb34c28f22e8b96e1ab97ce403110664 -> 
  custom:audio-encoder-webm-vorbis: bf7c407c2cedff20999df2af8eb42d56 -> 
  custom:framework-win-MediaFoundation: 216162199b28c13a410421893ffa2e32 -> 
  custom:container-demuxer-ogg: 62fdf1f143b41e24485cea50d1cbac27 -> 
  custom:video-decoder-webm-vp8: 9c59270c3fd7afecdb556c50c9e8de78 -> 
  custom:audio-decoder-ogg-vorbis: bf7c407c2cedff20999df2af8eb42d56 -> 
========================================================================
Received Import Request.
  Time since last request: 906.952812 seconds.
  path: Assets/Sprites/UI/Untitled-1.png
  artifactKey: Guid(a531bfd076380be46a2ab0b72bcb10b4) Importer(815301076,1909f56bfc062723c751e8b465ee728b)
Start importing Assets/Sprites/UI/Untitled-1.png using Guid(a531bfd076380be46a2ab0b72bcb10b4) Importer(815301076,1909f56bfc062723c751e8b465ee728b)  -> (artifact id: '701b802f653bf3f97300ebc9f7a0e009') in 0.326702 seconds 
========================================================================
Received Import Request.
  Time since last request: 21.592345 seconds.
  path: Assets/Sprites/UI/DropDownArrow.png
  artifactKey: Guid(a531bfd076380be46a2ab0b72bcb10b4) Importer(815301076,1909f56bfc062723c751e8b465ee728b)
Start importing Assets/Sprites/UI/DropDownArrow.png using Guid(a531bfd076380be46a2ab0b72bcb10b4) Importer(815301076,1909f56bfc062723c751e8b465ee728b)  -> (artifact id: 'a5e9f4c006687e6ce39f91405e1be839') in 0.168782 seconds 
========================================================================
Received Import Request.
  Time since last request: 26.149866 seconds.
  path: Assets/Prefab/UI/Settings.prefab
  artifactKey: Guid(bf7c233d1bd96f14fb87741b84f7d70c) Importer(815301076,1909f56bfc062723c751e8b465ee728b)
Start importing Assets/Prefab/UI/Settings.prefab using Guid(bf7c233d1bd96f14fb87741b84f7d70c) Importer(815301076,1909f56bfc062723c751e8b465ee728b)  -> (artifact id: '01a70e71cdb5eb6f2a7861d55a376ccc') in 0.129132 seconds 
========================================================================
Received Import Request.
  Time since last request: 12.418112 seconds.
  path: Assets/Prefab/UI/Settings.prefab
  artifactKey: Guid(bf7c233d1bd96f14fb87741b84f7d70c) Importer(815301076,1909f56bfc062723c751e8b465ee728b)
Start importing Assets/Prefab/UI/Settings.prefab using Guid(bf7c233d1bd96f14fb87741b84f7d70c) Importer(815301076,1909f56bfc062723c751e8b465ee728b)  -> (artifact id: '7e1a0e5b4ebdf1bc40a320ff363eae9d') in 0.036756 seconds 
========================================================================
Received Import Request.
  Time since last request: 12.156064 seconds.
  path: Assets/Prefab/UI/Settings.prefab
  artifactKey: Guid(bf7c233d1bd96f14fb87741b84f7d70c) Importer(815301076,1909f56bfc062723c751e8b465ee728b)
Start importing Assets/Prefab/UI/Settings.prefab using Guid(bf7c233d1bd96f14fb87741b84f7d70c) Importer(815301076,1909f56bfc062723c751e8b465ee728b)  -> (artifact id: '0f6487e675f8f9667eed42f26c4e8fc9') in 0.041512 seconds 
========================================================================
Received Import Request.
  Time since last request: 7.764396 seconds.
  path: Assets/Prefab/UI/Settings.prefab
  artifactKey: Guid(bf7c233d1bd96f14fb87741b84f7d70c) Importer(815301076,1909f56bfc062723c751e8b465ee728b)
Start importing Assets/Prefab/UI/Settings.prefab using Guid(bf7c233d1bd96f14fb87741b84f7d70c) Importer(815301076,1909f56bfc062723c751e8b465ee728b)  -> (artifact id: '51dc01d4549266a0d45c52d0616cd857') in 0.043063 seconds 
========================================================================
Received Import Request.
  Time since last request: 1.954624 seconds.
  path: Assets/Prefab/UI/Settings.prefab
  artifactKey: Guid(bf7c233d1bd96f14fb87741b84f7d70c) Importer(815301076,1909f56bfc062723c751e8b465ee728b)
Start importing Assets/Prefab/UI/Settings.prefab using Guid(bf7c233d1bd96f14fb87741b84f7d70c) Importer(815301076,1909f56bfc062723c751e8b465ee728b)  -> (artifact id: '4017c9fac689f0219867d4c3e6c159b1') in 0.051085 seconds 
========================================================================
Received Import Request.
  Time since last request: 21.818646 seconds.
  path: Assets/Prefab/UI/Settings.prefab
  artifactKey: Guid(bf7c233d1bd96f14fb87741b84f7d70c) Importer(815301076,1909f56bfc062723c751e8b465ee728b)
Start importing Assets/Prefab/UI/Settings.prefab using Guid(bf7c233d1bd96f14fb87741b84f7d70c) Importer(815301076,1909f56bfc062723c751e8b465ee728b)  -> (artifact id: 'ecdd0f3e5c88c47b84fdd38a0f3f4002') in 0.064058 seconds 
========================================================================
Received Import Request.
  Time since last request: 3.806912 seconds.
  path: Assets/Prefab/UI/Settings.prefab
  artifactKey: Guid(bf7c233d1bd96f14fb87741b84f7d70c) Importer(815301076,1909f56bfc062723c751e8b465ee728b)
Start importing Assets/Prefab/UI/Settings.prefab using Guid(bf7c233d1bd96f14fb87741b84f7d70c) Importer(815301076,1909f56bfc062723c751e8b465ee728b)  -> (artifact id: '0cc805ab33fe6b7bb2bb45fe5d01249c') in 0.056722 seconds 
========================================================================
Received Import Request.
  Time since last request: 4.445726 seconds.
  path: Assets/Prefab/UI/Settings.prefab
  artifactKey: Guid(bf7c233d1bd96f14fb87741b84f7d70c) Importer(815301076,1909f56bfc062723c751e8b465ee728b)
Start importing Assets/Prefab/UI/Settings.prefab using Guid(bf7c233d1bd96f14fb87741b84f7d70c) Importer(815301076,1909f56bfc062723c751e8b465ee728b)  -> (artifact id: 'f8816a7ab09345a95d435ccc95720448') in 0.055698 seconds 
========================================================================
Received Import Request.
  Time since last request: 1.587629 seconds.
  path: Assets/Prefab/UI/Settings.prefab
  artifactKey: Guid(bf7c233d1bd96f14fb87741b84f7d70c) Importer(815301076,1909f56bfc062723c751e8b465ee728b)
Start importing Assets/Prefab/UI/Settings.prefab using Guid(bf7c233d1bd96f14fb87741b84f7d70c) Importer(815301076,1909f56bfc062723c751e8b465ee728b)  -> (artifact id: '373b7facb028c1937397d5e4d426e32b') in 0.053008 seconds 
========================================================================
Received Import Request.
  Time since last request: 2.334554 seconds.
  path: Assets/Prefab/UI/Settings.prefab
  artifactKey: Guid(bf7c233d1bd96f14fb87741b84f7d70c) Importer(815301076,1909f56bfc062723c751e8b465ee728b)
Start importing Assets/Prefab/UI/Settings.prefab using Guid(bf7c233d1bd96f14fb87741b84f7d70c) Importer(815301076,1909f56bfc062723c751e8b465ee728b)  -> (artifact id: '3d2b8ef77828c5ace34016bc5f2e097e') in 0.054566 seconds 
========================================================================
Received Import Request.
  Time since last request: 3.586217 seconds.
  path: Assets/Prefab/UI/Settings.prefab
  artifactKey: Guid(bf7c233d1bd96f14fb87741b84f7d70c) Importer(815301076,1909f56bfc062723c751e8b465ee728b)
Start importing Assets/Prefab/UI/Settings.prefab using Guid(bf7c233d1bd96f14fb87741b84f7d70c) Importer(815301076,1909f56bfc062723c751e8b465ee728b)  -> (artifact id: '92a3fb2ea49a86c53f5d12731cdd1123') in 0.147329 seconds 
========================================================================
Received Import Request.
  Time since last request: 186.528078 seconds.
  path: Assets/Sprites/UI/Untitled-2.png
  artifactKey: Guid(257f3413fd0359c4d8613d00b5525ea6) Importer(815301076,1909f56bfc062723c751e8b465ee728b)
Start importing Assets/Sprites/UI/Untitled-2.png using Guid(257f3413fd0359c4d8613d00b5525ea6) Importer(815301076,1909f56bfc062723c751e8b465ee728b)  -> (artifact id: 'cb4d8535e86965b82050f50c7a1f0de9') in 0.152504 seconds 
========================================================================
Received Import Request.
  Time since last request: 24.987937 seconds.
  path: Assets/Sprites/UI/DropDownMarker.png
  artifactKey: Guid(257f3413fd0359c4d8613d00b5525ea6) Importer(815301076,1909f56bfc062723c751e8b465ee728b)
Start importing Assets/Sprites/UI/DropDownMarker.png using Guid(257f3413fd0359c4d8613d00b5525ea6) Importer(815301076,1909f56bfc062723c751e8b465ee728b)  -> (artifact id: '8c7703e31dfad372678041bdf4a5db25') in 0.178180 seconds 
========================================================================
Received Import Request.
  Time since last request: 20.937496 seconds.
  path: Assets/Sprites/UI/DropDownCheckmark.png
  artifactKey: Guid(257f3413fd0359c4d8613d00b5525ea6) Importer(815301076,1909f56bfc062723c751e8b465ee728b)
Start importing Assets/Sprites/UI/DropDownCheckmark.png using Guid(257f3413fd0359c4d8613d00b5525ea6) Importer(815301076,1909f56bfc062723c751e8b465ee728b)  -> (artifact id: '2ffa33dcb1cecab4305e25fa505e03e9') in 0.174352 seconds 
========================================================================
Received Prepare
Registering precompiled user dll's ...
Registered in 0.018694 seconds.
Begin MonoManager ReloadAssembly
Symbol file LoadedFromMemory doesn't match image C:\Users\drago\OneDrive\Documente\GitHub\StickTogether\Library\PackageCache\com.unity.visualscripting@1.7.8\Editor\VisualScripting.Core\Dependencies\YamlDotNet\Unity.VisualScripting.YamlDotNet.dll
Symbol file LoadedFromMemory doesn't match image C:\Users\drago\OneDrive\Documente\GitHub\StickTogether\Library\PackageCache\com.unity.visualscripting@1.7.8\Editor\VisualScripting.Core\Dependencies\DotNetZip\Unity.VisualScripting.IonicZip.dll
Native extension for WindowsStandalone target not found
Native extension for WebGL target not found
Refreshing native plugins compatible for Editor in 6.79 ms, found 4 plugins.
Preloading 0 native plugins for Editor in 0.00 ms.
Mono: successfully reloaded assembly
- Completed reload, in  3.253 seconds
Domain Reload Profiling:
	ReloadAssembly (3254ms)
		BeginReloadAssembly (292ms)
			ExecutionOrderSort (0ms)
			DisableScriptedObjects (14ms)
			BackupInstance (0ms)
			ReleaseScriptingObjects (0ms)
			CreateAndSetChildDomain (92ms)
		EndReloadAssembly (2686ms)
			LoadAssemblies (209ms)
			RebuildTransferFunctionScriptingTraits (0ms)
			SetupTypeCache (779ms)
			ReleaseScriptCaches (5ms)
			RebuildScriptCaches (148ms)
			SetupLoadedEditorAssemblies (1299ms)
				LogAssemblyErrors (0ms)
				InitializePlatformSupportModulesInManaged (34ms)
				SetLoadedEditorAssemblies (1ms)
				RefreshPlugins (7ms)
				BeforeProcessingInitializeOnLoad (245ms)
				ProcessInitializeOnLoadAttributes (797ms)
				ProcessInitializeOnLoadMethodAttributes (195ms)
				AfterProcessingInitializeOnLoad (18ms)
				EditorAssembliesLoaded (2ms)
			ExecutionOrderSort2 (0ms)
			AwakeInstancesAfterBackupRestoration (32ms)
Platform modules already initialized, skipping
Refreshing native plugins compatible for Editor in 10.62 ms, found 4 plugins.
Preloading 0 native plugins for Editor in 0.00 ms.
Unloading 5476 Unused Serialized files (Serialized files now loaded: 0)
Unloading 36 unused Assets / (0.7 MB). Loaded Objects now: 6183.
Memory consumption went from 223.0 MB to 222.3 MB.
Total: 13.145200 ms (FindLiveObjects: 2.248800 ms CreateObjectMapping: 1.277400 ms MarkObjects: 8.391300 ms  DeleteObjects: 1.226200 ms)

AssetImportParameters requested are different than current active one (requested -> active):
  custom:video-decoder-ogg-theora: a1e56fd34408186e4bbccfd4996cb3dc -> 
  custom:container-muxer-webm: aa71ff27fc2769a1b78a27578f13a17b -> 
  custom:container-demuxer-webm: 4f35f7cbe854078d1ac9338744f61a02 -> 
  custom:video-encoder-webm-vp8: eb34c28f22e8b96e1ab97ce403110664 -> 
  custom:audio-encoder-webm-vorbis: bf7c407c2cedff20999df2af8eb42d56 -> 
  custom:framework-win-MediaFoundation: 216162199b28c13a410421893ffa2e32 -> 
  custom:container-demuxer-ogg: 62fdf1f143b41e24485cea50d1cbac27 -> 
  custom:video-decoder-webm-vp8: 9c59270c3fd7afecdb556c50c9e8de78 -> 
  custom:audio-decoder-ogg-vorbis: bf7c407c2cedff20999df2af8eb42d56 -> 
========================================================================
Received Prepare
Refreshing native plugins compatible for Editor in 9.41 ms, found 4 plugins.
Preloading 0 native plugins for Editor in 0.00 ms.
Unloading 30 Unused Serialized files (Serialized files now loaded: 0)
Unloading 30 unused Assets / (0.7 MB). Loaded Objects now: 6183.
Memory consumption went from 112.2 MB to 111.5 MB.
Total: 4.817100 ms (FindLiveObjects: 0.731300 ms CreateObjectMapping: 0.243700 ms MarkObjects: 3.468000 ms  DeleteObjects: 0.373200 ms)

AssetImportParameters requested are different than current active one (requested -> active):
  custom:video-decoder-ogg-theora: a1e56fd34408186e4bbccfd4996cb3dc -> 
  custom:container-muxer-webm: aa71ff27fc2769a1b78a27578f13a17b -> 
  custom:container-demuxer-webm: 4f35f7cbe854078d1ac9338744f61a02 -> 
  custom:video-encoder-webm-vp8: eb34c28f22e8b96e1ab97ce403110664 -> 
  custom:audio-encoder-webm-vorbis: bf7c407c2cedff20999df2af8eb42d56 -> 
  custom:framework-win-MediaFoundation: 216162199b28c13a410421893ffa2e32 -> 
  custom:container-demuxer-ogg: 62fdf1f143b41e24485cea50d1cbac27 -> 
  custom:video-decoder-webm-vp8: 9c59270c3fd7afecdb556c50c9e8de78 -> 
  custom:audio-decoder-ogg-vorbis: bf7c407c2cedff20999df2af8eb42d56 -> 
